
======================================================================
### show version  CMD='show version'  (14:48:33)
======================================================================
Cisco IOS XE Software, Version 17.15.04c
Cisco IOS Software [IOSXE], c8000be Software (X86_64_LINUX_IOSD-UNIVERSALK9-M), Version 17.15.4c, RELEASE SOFTWARE (fc2)
Technical Support: http://www.cisco.com/techsupport
Copyright (c) 1986-2025 by Cisco Systems, Inc.
Compiled Fri 26-Sep-25 07:11 by mcpre


Cisco IOS-XE software, Copyright (c) 2005-2025 by cisco Systems, Inc.
All rights reserved.  Certain components of Cisco IOS-XE software are
licensed under the GNU General Public License ("GPL") Version 2.0.  The
software code licensed under GPL Version 2.0 is free software that comes
with ABSOLUTELY NO WARRANTY.  You can redistribute and/or modify such
GPL code under the terms of GPL Version 2.0.  For more details, see the
documentation or "License Notice" file accompanying the IOS-XE software,
or the applicable URL provided on the flyer accompanying the IOS-XE
software.


ROM: 17.9(7r)

TXDDC0101DIAR01 uptime is 22 weeks, 6 days, 4 hours, 41 minutes
Uptime for this control processor is 22 weeks, 6 days, 4 hours, 42 minutes
System returned to ROM by Reload Command at 07:56:23 CST Wed Jan 28 2026
System image file is "bootflash:c8000be-universalk9.17.15.04c.SPA.bin"
Last reload reason: Reload Command



This product contains cryptographic features and is subject to United
States and local country laws governing import, export, transfer and
use. Delivery of Cisco cryptographic products does not imply
third-party authority to import, export, distribute or use encryption.
Importers, exporters, distributors and users are responsible for
compliance with U.S. and local country laws. By using this product you
agree to comply with applicable laws and regulations. If you are unable
to comply with U.S. and local laws, return this product immediately.

A summary of U.S. laws governing Cisco cryptographic products may be found at:
http://www.cisco.com/wwl/export/crypto/tool/stqrg.html

If you require further assistance please contact us by sending email to
export@cisco.com.


Technology Package License Information: 

-----------------------------------------------------------------
Technology     Type         Technology-package Technology-package
                            Current            Next Reboot       
-----------------------------------------------------------------
Smart License  Perpetual    None               None              
Smart License  Subscription None               None              

The current crypto throughput level is 250000 kbps 


Smart Licensing Status: Smart Licensing Using Policy

cisco C8300-1N1S-6T (1RU) processor with 3327155K/6147K bytes of memory.
Processor board ID FLM2825109A
Router operating mode: Autonomous
6 Gigabit Ethernet interfaces
3 Ten Gigabit Ethernet interfaces
32768K bytes of non-volatile configuration memory.
8388608K bytes of physical memory.
7573503K bytes of flash memory at bootflash:.
14663680K bytes of M.2 USB at harddisk:.

Configuration register is 0x2102

