
======================================================================
### show version  CMD='show version'  (14:47:45)
======================================================================
Cisco IOS XE Software, Version 17.12.05
Cisco IOS Software [Dublin], Catalyst L3 Switch Software (CAT9K_LITE_IOSXE), Version 17.12.5, RELEASE SOFTWARE (fc5)
Technical Support: http://www.cisco.com/techsupport
Copyright (c) 1986-2025 by Cisco Systems, Inc.
Compiled Fri 14-Mar-25 02:48 by mcpre


Cisco IOS-XE software, Copyright (c) 2005-2025 by cisco Systems, Inc.
All rights reserved.  Certain components of Cisco IOS-XE software are
licensed under the GNU General Public License ("GPL") Version 2.0.  The
software code licensed under GPL Version 2.0 is free software that comes
with ABSOLUTELY NO WARRANTY.  You can redistribute and/or modify such
GPL code under the terms of GPL Version 2.0.  For more details, see the
documentation or "License Notice" file accompanying the IOS-XE software,
or the applicable URL provided on the flyer accompanying the IOS-XE
software.


ROM: IOS-XE ROMMON
BOOTLDR: System Bootstrap, Version 17.12.1r [FC3], RELEASE SOFTWARE (P) 

TXDDC0101DCNS01 uptime is 1 year, 7 weeks, 3 days, 17 hours, 48 minutes
Uptime for this control processor is 1 year, 7 weeks, 3 days, 17 hours, 50 minutes
System returned to ROM by Image Install  at 10:39:13 CST Wed Jul 24 2024
System restarted at 19:59:03 CST Thu May 15 2025
System image file is "flash:packages.conf"
Last reload reason: Image Install 



This product contains cryptographic features and is subject to United
States and local country laws governing import, export, transfer and
use. Delivery of Cisco cryptographic products does not imply
third-party authority to import, export, distribute or use encryption.
Importers, exporters, distributors and users are responsible for
compliance with U.S. and local country laws. By using this product you
agree to comply with applicable laws and regulations. If you are unable
to comply with U.S. and local laws, return this product immediately.

A summary of U.S. laws governing Cisco cryptographic products may be found at:
http://www.cisco.com/wwl/export/crypto/tool/stqrg.html

If you require further assistance please contact us by sending email to
export@cisco.com.


Technology Package License Information: 

------------------------------------------------------------------------------
Technology-package                                     Technology-package
Current                        Type                       Next reboot  
------------------------------------------------------------------------------
network-essentials  	Smart License                 	 network-essentials  
dna-essentials      	Subscription Smart License    	 dna-essentials                


Smart Licensing Status: Smart Licensing Using Policy

cisco C9200L-48P-4G (ARM64) processor with 502740K/3071K bytes of memory.
Processor board ID JAD23420N8M
2 Virtual Ethernet interfaces
52 Gigabit Ethernet interfaces
2048K bytes of non-volatile configuration memory.
1973320K bytes of physical memory.
819200K bytes of Crash Files at crashinfo:.
1941504K bytes of Flash at flash:.

Base Ethernet MAC Address          : 6c:31:0e:65:a0:00
Motherboard Assembly Number        : 73-18365-07
Motherboard Serial Number          : JAD23420N8M
Model Revision Number              : H0
Motherboard Revision Number        : A0
Model Number                       : C9200L-48P-4G
System Serial Number               : JAD23420N8M
CLEI Code Number                   : INM6B00ARA


Switch Ports Model              SW Version        SW Image              Mode   
------ ----- -----              ----------        ----------            ----   
*    1 52    C9200L-48P-4G      17.12.05          CAT9K_LITE_IOSXE      INSTALL


Configuration register is 0x102


======================================================================
### copy step: init  CMD='copy scp: bootflash:'  (14:49:22)
======================================================================
Address or name of remote host []? 

======================================================================
### copy step: remote host  CMD='10.250.77.6'  (14:49:25)
======================================================================
Source username [322494]? 

======================================================================
### copy step: source username  CMD='322494'  (14:49:27)
======================================================================
Source filename []? 

======================================================================
### copy step: source filename  CMD='cat9k_lite_iosxe.17.15.05.SPA.bin'  (14:49:29)
======================================================================
Destination filename [cat9k_lite_iosxe.17.15.05.SPA.bin]? 

======================================================================
### copy step: dest filename  CMD='cat9k_lite_iosxe.17.15.05.SPA.bin'  (14:49:34)
======================================================================
Password: 

======================================================================
### copy step: password  CMD='********'  (14:49:38)
======================================================================

 scp.exe: debug1: fd 3 clearing O_NONBLOCK
 Sending file modes: C0666 503981351 cat9k_lite_iosxe.17.15.05.SPA.bin

%Error copying scp://*@10.250.77.6/cat9k_lite_iosxe.17.15.05.SPA.bin (Not enough space on device)

======================================================================
### copy step: settle  CMD='<enter>'  (14:49:40)
======================================================================


======================================================================
### FULL COPY TRANSCRIPT  (14:49:40)
======================================================================
Address or name of remote host []? Source username [322494]? Source filename []? Destination filename [cat9k_lite_iosxe.17.15.05.SPA.bin]? Password: 
 scp.exe: debug1: fd 3 clearing O_NONBLOCK
 Sending file modes: C0666 503981351 cat9k_lite_iosxe.17.15.05.SPA.bin

%Error copying scp://*@10.250.77.6/cat9k_lite_iosxe.17.15.05.SPA.bin (Not enough space on device)
