
======================================================================
### show version  CMD='show version'  (14:47:50)
======================================================================
Cisco IOS XE Software, Version 17.12.05
Cisco IOS Software [Dublin], Catalyst L3 Switch Software (CAT9K_IOSXE), Version 17.12.5, RELEASE SOFTWARE (fc5)
Technical Support: http://www.cisco.com/techsupport
Copyright (c) 1986-2025 by Cisco Systems, Inc.
Compiled Fri 14-Mar-25 02:41 by mcpre


Cisco IOS-XE software, Copyright (c) 2005-2025 by cisco Systems, Inc.
All rights reserved.  Certain components of Cisco IOS-XE software are
licensed under the GNU General Public License ("GPL") Version 2.0.  The
software code licensed under GPL Version 2.0 is free software that comes
with ABSOLUTELY NO WARRANTY.  You can redistribute and/or modify such
GPL code under the terms of GPL Version 2.0.  For more details, see the
documentation or "License Notice" file accompanying the IOS-XE software,
or the applicable URL provided on the flyer accompanying the IOS-XE
software.


ROM: IOS-XE ROMMON
BOOTLDR: System Bootstrap, Version 17.12.1r, RELEASE SOFTWARE (P)

TXDDC0101DMZS01 uptime is 1 year, 7 weeks, 2 days, 23 hours, 23 minutes
Uptime for this control processor is 1 year, 7 weeks, 2 days, 23 hours, 25 minutes
System returned to ROM by Image Install
System image file is "flash:packages.conf"
Last reload reason: Image Install



This product contains cryptographic features and is subject to United
States and local country laws governing import, export, transfer and
use. Delivery of Cisco cryptographic products does not imply
third-party authority to import, export, distribute or use encryption.
Importers, exporters, distributors and users are responsible for
compliance with U.S. and local country laws. By using this product you
agree to comply with applicable laws and regulations. If you are unable
to comply with U.S. and local laws, return this product immediately.

A summary of U.S. laws governing Cisco cryptographic products may be found at:
http://www.cisco.com/wwl/export/crypto/tool/stqrg.html

If you require further assistance please contact us by sending email to
export@cisco.com.


Technology Package License Information: 

------------------------------------------------------------------------------
Technology-package                                     Technology-package
Current                        Type                       Next reboot  
------------------------------------------------------------------------------
network-essentials  	Smart License                 	 network-essentials  
dna-essentials      	Subscription Smart License    	 dna-essentials                
AIR License Level: AIR DNA Advantage
Next reload AIR license Level: AIR DNA Advantage


Smart Licensing Status: Smart Licensing Using Policy

cisco C9300-24T (X86) processor with 1301924K/6147K bytes of memory.
Processor board ID FJC274713SR
1 Virtual Ethernet interface
56 Gigabit Ethernet interfaces
16 Ten Gigabit Ethernet interfaces
4 TwentyFive Gigabit Ethernet interfaces
4 Forty Gigabit Ethernet interfaces
2048K bytes of non-volatile configuration memory.
8388608K bytes of physical memory.
1638400K bytes of Crash Files at crashinfo:.
1638400K bytes of Crash Files at crashinfo-2:.
11264000K bytes of Flash at flash:.
11264000K bytes of Flash at flash-2:.

Base Ethernet MAC Address          : a4:10:b6:61:46:80
Motherboard Assembly Number        : 73-19911-04
Motherboard Serial Number          : FJZ274605WR
Model Revision Number              : K0
Motherboard Revision Number        : B0
Model Number                       : C9300-24T
System Serial Number               : FJC274713SR
CLEI Code Number                   : INM2X10ARE


Switch Ports Model              SW Version        SW Image              Mode   
------ ----- -----              ----------        ----------            ----   
*    1 41    C9300-24T          17.12.05          CAT9K_IOSXE           INSTALL
     2 41    C9300-24T          17.12.05          CAT9K_IOSXE           INSTALL


Switch 02
---------
Switch uptime                      : 1 year, 7 weeks, 2 days, 23 hours, 30 minutes 

Base Ethernet MAC Address          : cc:36:cf:fd:0b:80
Motherboard Assembly Number        : 73-19911-04
Motherboard Serial Number          : FJZ274609K7
Model Revision Number              : K0
Motherboard Revision Number        : B0
Model Number                       : C9300-24T
System Serial Number               : FJC274713V6
Last reload reason                 : Image Install
CLEI Code Number                   : INM2X10ARE


======================================================================
### copy step: init  CMD='copy scp: bootflash:'  (14:49:23)
======================================================================
Address or name of remote host []? 

======================================================================
### copy step: remote host  CMD='10.250.77.6'  (14:49:25)
======================================================================
Source username [322494]? 

======================================================================
### copy step: source username  CMD='322494'  (14:49:27)
======================================================================
Source filename []? 

======================================================================
### copy step: source filename  CMD='cat9k_iosxe.17.15.05.SPA.bin'  (14:49:29)
======================================================================
Destination filename [cat9k_iosxe.17.15.05.SPA.bin]? 

======================================================================
### copy step: dest filename  CMD='cat9k_iosxe.17.15.05.SPA.bin'  (14:49:32)
======================================================================


======================================================================
### copy step: password  CMD='********'  (14:50:02)
======================================================================
% Connection timed out; remote host not responding

%Error opening scp://*@10.250.77.6/cat9k_iosxe.17.15.05.SPA.bin (Undefined error)
TXDDC0101DMZS01#ABCD1234defg!!!!
% Bad IP address or host name% Unknown command or computer name, or unable to find computer address

======================================================================
### copy step: settle  CMD='<enter>'  (14:50:04)
======================================================================


======================================================================
### FULL COPY TRANSCRIPT  (14:50:04)
======================================================================
Address or name of remote host []? Source username [322494]? Source filename []? Destination filename [cat9k_iosxe.17.15.05.SPA.bin]? % Connection timed out; remote host not responding

%Error opening scp://*@10.250.77.6/cat9k_iosxe.17.15.05.SPA.bin (Undefined error)
TXDDC0101DMZS01#ABCD1234defg!!!!
% Bad IP address or host name% Unknown command or computer name, or unable to find computer address
