
======================================================================
### show version  CMD='show version'  (14:47:40)
======================================================================
Cisco Nexus Operating System (NX-OS) Software
TAC support: http://www.cisco.com/tac
Copyright (C) 2002-2024, Cisco and/or its affiliates.
All rights reserved.
The copyrights to certain works contained in this software are
owned by other third parties and used and distributed under their own
licenses, such as open source.  This software is provided "as is," and unless
otherwise stated, there is no warranty, express or implied, including but not
limited to warranties of merchantability and fitness for a particular purpose.
Certain components of this software are licensed under
the GNU General Public License (GPL) version 2.0 or 
GNU General Public License (GPL) version 3.0  or the GNU
Lesser General Public License (LGPL) Version 2.1 or 
Lesser General Public License (LGPL) Version 2.0. 
A copy of each such license is available at
http://www.opensource.org/licenses/gpl-2.0.php and
http://opensource.org/licenses/gpl-3.0.html and
http://www.opensource.org/licenses/lgpl-2.1.php and
http://www.gnu.org/licenses/old-licenses/library.txt.

Software
  BIOS: version 07.71
  NXOS: version 10.3(6) [Maintenance Release]
  BIOS compile time:  11/10/2024
  NXOS image file is: bootflash:///nxos64-cs.10.3.6.M.bin
  NXOS compile time:  8/20/2024 12:00:00 [08/20/2024 07:31:13]

Hardware
  cisco Nexus9000 C93180YC-EX chassis 
  Intel(R) Xeon(R) CPU  @ 1.80GHz with 24607580 kB of memory.
  Processor Board ID FDO22400DFW
  Device name: TXDDC0101CORS02
  bootflash:   53298520 kB

Kernel uptime is 411 day(s), 23 hour(s), 56 minute(s), 16 second(s)

Last reset at 156560 usecs after Wed May 21 14:50:22 2025
  Reason: Reset due to upgrade
  System version: 9.3(15)
  Service: 

plugin
  Core Plugin, Ethernet Plugin

Active Package(s):
        

